0 info it worked if it ends with ok
1 verbose cli [ 'C:\\Program Files\\iojs\\node.exe',
1 verbose cli   'C:\\Program Files\\iojs\\node_modules\\npm\\bin\\npm-cli.js',
1 verbose cli   'start' ]
2 info using npm@2.13.2
3 info using node@v2.5.0
4 verbose run-script [ 'prestart', 'start', 'poststart' ]
5 info prestart jsDay@0.0.0
6 info start jsDay@0.0.0
7 verbose unsafe-perm in lifecycle true
8 info jsDay@0.0.0 Failed to exec start script
9 verbose stack Error: jsDay@0.0.0 start: `node ./bin/www`
9 verbose stack Exit status 1
9 verbose stack     at EventEmitter.<anonymous> (C:\Program Files\iojs\node_modules\npm\lib\utils\lifecycle.js:214:16)
9 verbose stack     at emitTwo (events.js:87:13)
9 verbose stack     at EventEmitter.emit (events.js:172:7)
9 verbose stack     at ChildProcess.<anonymous> (C:\Program Files\iojs\node_modules\npm\lib\utils\spawn.js:24:14)
9 verbose stack     at emitTwo (events.js:87:13)
9 verbose stack     at ChildProcess.emit (events.js:172:7)
9 verbose stack     at maybeClose (internal/child_process.js:764:16)
9 verbose stack     at Process.ChildProcess._handle.onexit (internal/child_process.js:211:5)
10 verbose pkgid jsDay@0.0.0
11 verbose cwd C:\Users\heathes\Documents\jsDay\jsday
12 error Windows_NT 6.3.9600
13 error argv "C:\\Program Files\\iojs\\node.exe" "C:\\Program Files\\iojs\\node_modules\\npm\\bin\\npm-cli.js" "start"
14 error node v2.5.0
15 error npm  v2.13.2
16 error code ELIFECYCLE
17 error jsDay@0.0.0 start: `node ./bin/www`
17 error Exit status 1
18 error Failed at the jsDay@0.0.0 start script 'node ./bin/www'.
18 error This is most likely a problem with the jsDay package,
18 error not with npm itself.
18 error Tell the author that this fails on your system:
18 error     node ./bin/www
18 error You can get their info via:
18 error     npm owner ls jsDay
18 error There is likely additional logging output above.
19 verbose exit [ 1, true ]
